2019-04-11 17:01:59 [scrapy.utils.log] INFO: Scrapy 1.5.2 started (bot: Sotu)
2019-04-11 17:01:59 [scrapy.utils.log] INFO: Versions: lxml 3.7.3.0, libxml2 2.9.9, cssselect 1.0.3, parsel 1.5.1, w3lib 1.20.0, Twisted 18.9.0, Python 3.6.8 |Anaconda custom (64-bit)| (default, Dec 30 2018, 01:22:34) - [GCC 7.3.0], pyOpenSSL 17.0.0 (OpenSSL 1.1.1b  26 Feb 2019), cryptography 2.6.1, Platform Linux-4.4.0-96-generic-x86_64-with-debian-stretch-sid
2019-04-11 17:01:59 [scrapy.crawler] INFO: Overridden settings: {'BOT_NAME': 'Sotu', 'CONCURRENT_REQUESTS': 8, 'DOWNLOAD_DELAY': 0.3, 'LOG_FILE': '2019-4-11.log', 'LOG_LEVEL': 'INFO', 'NEWSPIDER_MODULE': 'Sotu.spiders', 'SPIDER_MODULES': ['Sotu.spiders']}
2019-04-11 17:01:59 [scrapy.extensions.telnet] INFO: Telnet Password: 1e6432475fed3dbe
2019-04-11 17:01:59 [scrapy.middleware] INFO: Enabled extensions:
['scrapy.extensions.corestats.CoreStats',
 'scrapy.extensions.telnet.TelnetConsole',
 'scrapy.extensions.memusage.MemoryUsage',
 'scrapy.extensions.logstats.LogStats']
2019-04-11 17:01:59 [scrapy.middleware] INFO: Enabled downloader middlewares:
['scrapy.downloadermiddlewares.httpauth.HttpAuthMiddleware',
 'scrapy.downloadermiddlewares.downloadtimeout.DownloadTimeoutMiddleware',
 'scrapy.downloadermiddlewares.defaultheaders.DefaultHeadersMiddleware',
 'scrapy.downloadermiddlewares.useragent.UserAgentMiddleware',
 'Sotu.middlewares.SotuDownloaderMiddleware',
 'scrapy.downloadermiddlewares.retry.RetryMiddleware',
 'scrapy.downloadermiddlewares.redirect.MetaRefreshMiddleware',
 'scrapy.downloadermiddlewares.httpcompression.HttpCompressionMiddleware',
 'scrapy.downloadermiddlewares.redirect.RedirectMiddleware',
 'scrapy.downloadermiddlewares.cookies.CookiesMiddleware',
 'scrapy.downloadermiddlewares.httpproxy.HttpProxyMiddleware',
 'scrapy.downloadermiddlewares.stats.DownloaderStats']
2019-04-11 17:01:59 [scrapy.middleware] INFO: Enabled spider middlewares:
['scrapy.spidermiddlewares.httperror.HttpErrorMiddleware',
 'scrapy.spidermiddlewares.offsite.OffsiteMiddleware',
 'Sotu.middlewares.SotuSpiderMiddleware',
 'scrapy.spidermiddlewares.referer.RefererMiddleware',
 'scrapy.spidermiddlewares.urllength.UrlLengthMiddleware',
 'scrapy.spidermiddlewares.depth.DepthMiddleware']
2019-04-11 17:01:59 [scrapy.middleware] INFO: Enabled item pipelines:
[]
2019-04-11 17:01:59 [scrapy.core.engine] INFO: Spider opened
2019-04-11 17:01:59 [scrapy.extensions.logstats] INFO: Crawled 0 pages (at 0 pages/min), scraped 0 items (at 0 items/min)
2019-04-11 17:01:59 [sotu] INFO: Spider opened: sotu
2019-04-11 17:01:59 [sotu] INFO: Spider opened: sotu
2019-04-11 17:01:59 [scrapy.core.engine] INFO: Closing spider (finished)
2019-04-11 17:01:59 [scrapy.statscollectors] INFO: Dumping Scrapy stats:
{'downloader/request_bytes': 226,
 'downloader/request_count': 1,
 'downloader/request_method_count/GET': 1,
 'downloader/response_bytes': 5063,
 'downloader/response_count': 1,
 'downloader/response_status_count/200': 1,
 'finish_reason': 'finished',
 'finish_time': datetime.datetime(2019, 4, 11, 9, 1, 59, 288318),
 'item_scraped_count': 30,
 'log_count/INFO': 10,
 'memusage/max': 1837096960,
 'memusage/startup': 1837096960,
 'response_received_count': 1,
 'scheduler/dequeued': 1,
 'scheduler/dequeued/memory': 1,
 'scheduler/enqueued': 1,
 'scheduler/enqueued/memory': 1,
 'start_time': datetime.datetime(2019, 4, 11, 9, 1, 59, 103293)}
2019-04-11 17:01:59 [scrapy.core.engine] INFO: Spider closed (finished)
2019-04-11 17:02:43 [scrapy.utils.log] INFO: Scrapy 1.5.2 started (bot: Sotu)
2019-04-11 17:02:43 [scrapy.utils.log] INFO: Versions: lxml 3.7.3.0, libxml2 2.9.9, cssselect 1.0.3, parsel 1.5.1, w3lib 1.20.0, Twisted 18.9.0, Python 3.6.8 |Anaconda custom (64-bit)| (default, Dec 30 2018, 01:22:34) - [GCC 7.3.0], pyOpenSSL 17.0.0 (OpenSSL 1.1.1b  26 Feb 2019), cryptography 2.6.1, Platform Linux-4.4.0-96-generic-x86_64-with-debian-stretch-sid
2019-04-11 17:02:43 [scrapy.crawler] INFO: Overridden settings: {'BOT_NAME': 'Sotu', 'CONCURRENT_REQUESTS': 8, 'DOWNLOAD_DELAY': 0.3, 'LOG_FILE': '2019-4-11.log', 'LOG_LEVEL': 'INFO', 'NEWSPIDER_MODULE': 'Sotu.spiders', 'SPIDER_MODULES': ['Sotu.spiders']}
2019-04-11 17:02:43 [scrapy.extensions.telnet] INFO: Telnet Password: 6adba4c2063df884
2019-04-11 17:02:43 [scrapy.middleware] INFO: Enabled extensions:
['scrapy.extensions.corestats.CoreStats',
 'scrapy.extensions.telnet.TelnetConsole',
 'scrapy.extensions.memusage.MemoryUsage',
 'scrapy.extensions.logstats.LogStats']
2019-04-11 17:02:43 [scrapy.middleware] INFO: Enabled downloader middlewares:
['scrapy.downloadermiddlewares.httpauth.HttpAuthMiddleware',
 'scrapy.downloadermiddlewares.downloadtimeout.DownloadTimeoutMiddleware',
 'scrapy.downloadermiddlewares.defaultheaders.DefaultHeadersMiddleware',
 'scrapy.downloadermiddlewares.useragent.UserAgentMiddleware',
 'Sotu.middlewares.SotuDownloaderMiddleware',
 'scrapy.downloadermiddlewares.retry.RetryMiddleware',
 'scrapy.downloadermiddlewares.redirect.MetaRefreshMiddleware',
 'scrapy.downloadermiddlewares.httpcompression.HttpCompressionMiddleware',
 'scrapy.downloadermiddlewares.redirect.RedirectMiddleware',
 'scrapy.downloadermiddlewares.cookies.CookiesMiddleware',
 'scrapy.downloadermiddlewares.httpproxy.HttpProxyMiddleware',
 'scrapy.downloadermiddlewares.stats.DownloaderStats']
2019-04-11 17:02:43 [scrapy.middleware] INFO: Enabled spider middlewares:
['scrapy.spidermiddlewares.httperror.HttpErrorMiddleware',
 'scrapy.spidermiddlewares.offsite.OffsiteMiddleware',
 'Sotu.middlewares.SotuSpiderMiddleware',
 'scrapy.spidermiddlewares.referer.RefererMiddleware',
 'scrapy.spidermiddlewares.urllength.UrlLengthMiddleware',
 'scrapy.spidermiddlewares.depth.DepthMiddleware']
2019-04-11 17:02:43 [scrapy.middleware] INFO: Enabled item pipelines:
[]
2019-04-11 17:02:43 [scrapy.core.engine] INFO: Spider opened
2019-04-11 17:02:43 [scrapy.extensions.logstats] INFO: Crawled 0 pages (at 0 pages/min), scraped 0 items (at 0 items/min)
2019-04-11 17:02:43 [sotu] INFO: Spider opened: sotu
2019-04-11 17:02:43 [sotu] INFO: Spider opened: sotu
2019-04-11 17:02:43 [scrapy.core.engine] INFO: Closing spider (finished)
2019-04-11 17:02:43 [scrapy.statscollectors] INFO: Dumping Scrapy stats:
{'downloader/request_bytes': 226,
 'downloader/request_count': 1,
 'downloader/request_method_count/GET': 1,
 'downloader/response_bytes': 5063,
 'downloader/response_count': 1,
 'downloader/response_status_count/200': 1,
 'finish_reason': 'finished',
 'finish_time': datetime.datetime(2019, 4, 11, 9, 2, 43, 345920),
 'item_scraped_count': 30,
 'log_count/INFO': 10,
 'memusage/max': 1837096960,
 'memusage/startup': 1837096960,
 'response_received_count': 1,
 'scheduler/dequeued': 1,
 'scheduler/dequeued/memory': 1,
 'scheduler/enqueued': 1,
 'scheduler/enqueued/memory': 1,
 'start_time': datetime.datetime(2019, 4, 11, 9, 2, 43, 179055)}
2019-04-11 17:02:43 [scrapy.core.engine] INFO: Spider closed (finished)
2019-04-11 17:03:23 [scrapy.utils.log] INFO: Scrapy 1.5.2 started (bot: Sotu)
2019-04-11 17:03:23 [scrapy.utils.log] INFO: Versions: lxml 3.7.3.0, libxml2 2.9.9, cssselect 1.0.3, parsel 1.5.1, w3lib 1.20.0, Twisted 18.9.0, Python 3.6.8 |Anaconda custom (64-bit)| (default, Dec 30 2018, 01:22:34) - [GCC 7.3.0], pyOpenSSL 17.0.0 (OpenSSL 1.1.1b  26 Feb 2019), cryptography 2.6.1, Platform Linux-4.4.0-96-generic-x86_64-with-debian-stretch-sid
2019-04-11 17:03:23 [scrapy.crawler] INFO: Overridden settings: {'BOT_NAME': 'Sotu', 'CONCURRENT_REQUESTS': 8, 'DOWNLOAD_DELAY': 0.3, 'LOG_FILE': '2019-4-11.log', 'LOG_LEVEL': 'INFO', 'NEWSPIDER_MODULE': 'Sotu.spiders', 'SPIDER_MODULES': ['Sotu.spiders']}
2019-04-11 17:03:23 [scrapy.extensions.telnet] INFO: Telnet Password: 19082dbdf10306c3
2019-04-11 17:03:23 [scrapy.middleware] INFO: Enabled extensions:
['scrapy.extensions.corestats.CoreStats',
 'scrapy.extensions.telnet.TelnetConsole',
 'scrapy.extensions.memusage.MemoryUsage',
 'scrapy.extensions.logstats.LogStats']
2019-04-11 17:03:23 [scrapy.middleware] INFO: Enabled downloader middlewares:
['scrapy.downloadermiddlewares.httpauth.HttpAuthMiddleware',
 'scrapy.downloadermiddlewares.downloadtimeout.DownloadTimeoutMiddleware',
 'scrapy.downloadermiddlewares.defaultheaders.DefaultHeadersMiddleware',
 'scrapy.downloadermiddlewares.useragent.UserAgentMiddleware',
 'Sotu.middlewares.SotuDownloaderMiddleware',
 'scrapy.downloadermiddlewares.retry.RetryMiddleware',
 'scrapy.downloadermiddlewares.redirect.MetaRefreshMiddleware',
 'scrapy.downloadermiddlewares.httpcompression.HttpCompressionMiddleware',
 'scrapy.downloadermiddlewares.redirect.RedirectMiddleware',
 'scrapy.downloadermiddlewares.cookies.CookiesMiddleware',
 'scrapy.downloadermiddlewares.httpproxy.HttpProxyMiddleware',
 'scrapy.downloadermiddlewares.stats.DownloaderStats']
2019-04-11 17:03:23 [scrapy.middleware] INFO: Enabled spider middlewares:
['scrapy.spidermiddlewares.httperror.HttpErrorMiddleware',
 'scrapy.spidermiddlewares.offsite.OffsiteMiddleware',
 'Sotu.middlewares.SotuSpiderMiddleware',
 'scrapy.spidermiddlewares.referer.RefererMiddleware',
 'scrapy.spidermiddlewares.urllength.UrlLengthMiddleware',
 'scrapy.spidermiddlewares.depth.DepthMiddleware']
2019-04-11 17:03:23 [twisted] CRITICAL: Unhandled error in Deferred:
2019-04-11 17:03:23 [twisted] CRITICAL: 
Traceback (most recent call last):
  File "/home/tarena/anaconda3/lib/python3.6/site-packages/twisted/internet/defer.py", line 1418, in _inlineCallbacks
    result = g.send(result)
  File "/home/tarena/anaconda3/lib/python3.6/site-packages/scrapy/crawler.py", line 80, in crawl
    self.engine = self._create_engine()
  File "/home/tarena/anaconda3/lib/python3.6/site-packages/scrapy/crawler.py", line 105, in _create_engine
    return ExecutionEngine(self, lambda _: self.stop())
  File "/home/tarena/anaconda3/lib/python3.6/site-packages/scrapy/core/engine.py", line 70, in __init__
    self.scraper = Scraper(crawler)
  File "/home/tarena/anaconda3/lib/python3.6/site-packages/scrapy/core/scraper.py", line 71, in __init__
    self.itemproc = itemproc_cls.from_crawler(crawler)
  File "/home/tarena/anaconda3/lib/python3.6/site-packages/scrapy/middleware.py", line 58, in from_crawler
    return cls.from_settings(crawler.settings, crawler)
  File "/home/tarena/anaconda3/lib/python3.6/site-packages/scrapy/middleware.py", line 34, in from_settings
    mwcls = load_object(clspath)
  File "/home/tarena/anaconda3/lib/python3.6/site-packages/scrapy/utils/misc.py", line 44, in load_object
    mod = import_module(module)
  File "/home/tarena/anaconda3/lib/python3.6/importlib/__init__.py", line 126, in import_module
    return _bootstrap._gcd_import(name[level:], package, level)
  File "<frozen importlib._bootstrap>", line 994, in _gcd_import
  File "<frozen importlib._bootstrap>", line 971, in _find_and_load
  File "<frozen importlib._bootstrap>", line 955, in _find_and_load_unlocked
  File "<frozen importlib._bootstrap>", line 665, in _load_unlocked
  File "<frozen importlib._bootstrap_external>", line 678, in exec_module
  File "<frozen importlib._bootstrap>", line 219, in _call_with_frames_removed
  File "/home/tarena/Sotu/Sotu/pipelines.py", line 10, in <module>
    from Sotu.settings import IMG_STORE
ImportError: cannot import name 'IMG_STORE'
2019-04-11 17:03:54 [scrapy.utils.log] INFO: Scrapy 1.5.2 started (bot: Sotu)
2019-04-11 17:03:54 [scrapy.utils.log] INFO: Versions: lxml 3.7.3.0, libxml2 2.9.9, cssselect 1.0.3, parsel 1.5.1, w3lib 1.20.0, Twisted 18.9.0, Python 3.6.8 |Anaconda custom (64-bit)| (default, Dec 30 2018, 01:22:34) - [GCC 7.3.0], pyOpenSSL 17.0.0 (OpenSSL 1.1.1b  26 Feb 2019), cryptography 2.6.1, Platform Linux-4.4.0-96-generic-x86_64-with-debian-stretch-sid
2019-04-11 17:03:54 [scrapy.crawler] INFO: Overridden settings: {'BOT_NAME': 'Sotu', 'CONCURRENT_REQUESTS': 8, 'DOWNLOAD_DELAY': 0.3, 'LOG_FILE': '2019-4-11.log', 'LOG_LEVEL': 'INFO', 'NEWSPIDER_MODULE': 'Sotu.spiders', 'SPIDER_MODULES': ['Sotu.spiders']}
2019-04-11 17:03:54 [scrapy.extensions.telnet] INFO: Telnet Password: 5c794df5d64b4de6
2019-04-11 17:03:54 [scrapy.middleware] INFO: Enabled extensions:
['scrapy.extensions.corestats.CoreStats',
 'scrapy.extensions.telnet.TelnetConsole',
 'scrapy.extensions.memusage.MemoryUsage',
 'scrapy.extensions.logstats.LogStats']
2019-04-11 17:03:54 [scrapy.middleware] INFO: Enabled downloader middlewares:
['scrapy.downloadermiddlewares.httpauth.HttpAuthMiddleware',
 'scrapy.downloadermiddlewares.downloadtimeout.DownloadTimeoutMiddleware',
 'scrapy.downloadermiddlewares.defaultheaders.DefaultHeadersMiddleware',
 'scrapy.downloadermiddlewares.useragent.UserAgentMiddleware',
 'Sotu.middlewares.SotuDownloaderMiddleware',
 'scrapy.downloadermiddlewares.retry.RetryMiddleware',
 'scrapy.downloadermiddlewares.redirect.MetaRefreshMiddleware',
 'scrapy.downloadermiddlewares.httpcompression.HttpCompressionMiddleware',
 'scrapy.downloadermiddlewares.redirect.RedirectMiddleware',
 'scrapy.downloadermiddlewares.cookies.CookiesMiddleware',
 'scrapy.downloadermiddlewares.httpproxy.HttpProxyMiddleware',
 'scrapy.downloadermiddlewares.stats.DownloaderStats']
2019-04-11 17:03:54 [scrapy.middleware] INFO: Enabled spider middlewares:
['scrapy.spidermiddlewares.httperror.HttpErrorMiddleware',
 'scrapy.spidermiddlewares.offsite.OffsiteMiddleware',
 'Sotu.middlewares.SotuSpiderMiddleware',
 'scrapy.spidermiddlewares.referer.RefererMiddleware',
 'scrapy.spidermiddlewares.urllength.UrlLengthMiddleware',
 'scrapy.spidermiddlewares.depth.DepthMiddleware']
2019-04-11 17:03:54 [scrapy.middleware] INFO: Enabled item pipelines:
['Sotu.pipelines.SotuPipeline']
2019-04-11 17:03:54 [scrapy.core.engine] INFO: Spider opened
2019-04-11 17:03:54 [scrapy.extensions.logstats] INFO: Crawled 0 pages (at 0 pages/min), scraped 0 items (at 0 items/min)
2019-04-11 17:03:54 [sotu] INFO: Spider opened: sotu
2019-04-11 17:03:54 [sotu] INFO: Spider opened: sotu
2019-04-11 17:04:49 [scrapy.crawler] INFO: Received SIGINT, shutting down gracefully. Send again to force 
2019-04-11 17:04:49 [scrapy.core.engine] INFO: Closing spider (shutdown)
2019-04-11 17:04:54 [scrapy.extensions.logstats] INFO: Crawled 28 pages (at 28 pages/min), scraped 27 items (at 27 items/min)
2019-04-11 17:05:54 [scrapy.extensions.logstats] INFO: Crawled 28 pages (at 0 pages/min), scraped 27 items (at 0 items/min)
2019-04-11 17:06:54 [scrapy.extensions.logstats] INFO: Crawled 28 pages (at 0 pages/min), scraped 27 items (at 0 items/min)
2019-04-11 17:06:55 [scrapy.statscollectors] INFO: Dumping Scrapy stats:
{'downloader/exception_count': 3,
 'downloader/exception_type_count/twisted.internet.error.TimeoutError': 3,
 'downloader/request_bytes': 7336,
 'downloader/request_count': 34,
 'downloader/request_method_count/GET': 34,
 'downloader/response_bytes': 11282240,
 'downloader/response_count': 31,
 'downloader/response_status_count/200': 31,
 'file_count': 30,
 'file_status_count/downloaded': 30,
 'finish_reason': 'shutdown',
 'finish_time': datetime.datetime(2019, 4, 11, 9, 6, 55, 328834),
 'item_scraped_count': 30,
 'log_count/INFO': 14,
 'memusage/max': 1837096960,
 'memusage/startup': 1837096960,
 'response_received_count': 31,
 'retry/count': 3,
 'retry/reason_count/twisted.internet.error.TimeoutError': 3,
 'scheduler/dequeued': 1,
 'scheduler/dequeued/memory': 1,
 'scheduler/enqueued': 1,
 'scheduler/enqueued/memory': 1,
 'start_time': datetime.datetime(2019, 4, 11, 9, 3, 54, 387088)}
2019-04-11 17:06:55 [scrapy.core.engine] INFO: Spider closed (shutdown)
